\BOOKMARK [0][-]{chapter.1}{\376\377\000F\000l\000o\000a\000t\000i\000n\000g\000\040\000P\000o\000i\000n\000t\000\040\000A\000r\000i\000t\000h\000m\000e\000t\000i\000c}{}% 1
\BOOKMARK [1][-]{section.1.1}{\376\377\000R\000e\000p\000r\000e\000s\000e\000n\000t\000a\000t\000i\000o\000n\000\040\000o\000f\000\040\000R\000e\000a\000l\000\040\000N\000u\000m\000b\000e\000r\000s}{chapter.1}% 2
\BOOKMARK [1][-]{section.1.2}{\376\377\000F\000l\000o\000a\000t\000i\000n\000g\000\040\000P\000o\000i\000n\000t\000\040\000N\000u\000m\000b\000e\000r\000s}{chapter.1}% 3
\BOOKMARK [1][-]{section.1.3}{\376\377\000R\000o\000u\000n\000d\000i\000n\000g}{chapter.1}% 4
\BOOKMARK [1][-]{section.1.4}{\376\377\000A\000r\000i\000t\000h\000m\000e\000t\000i\000c\000\040\000O\000p\000e\000r\000a\000t\000i\000o\000n\000s}{chapter.1}% 5
\BOOKMARK [2][-]{subsection.1.4.1}{\376\377\000E\000r\000r\000o\000r\000\040\000A\000c\000c\000u\000m\000u\000l\000a\000t\000i\000o\000n\000:\000\040\000M\000u\000l\000t\000i\000p\000l\000i\000c\000a\000t\000i\000o\000n}{section.1.4}% 6
\BOOKMARK [2][-]{subsection.1.4.2}{\376\377\000E\000r\000r\000o\000r\000\040\000A\000c\000c\000u\000m\000u\000l\000a\000t\000i\000o\000n\000:\000\040\000A\000d\000d\000i\000t\000i\000o\000n}{section.1.4}% 7
\BOOKMARK [1][-]{section.1.5}{\376\377\000E\000x\000e\000r\000c\000i\000s\000e\000s}{chapter.1}% 8
\BOOKMARK [2][-]{subsection.1.5.1}{\376\377\000T\000h\000e\000o\000r\000e\000t\000i\000c\000a\000l\000\040\000P\000a\000r\000t}{section.1.5}% 9
\BOOKMARK [2][-]{subsection.1.5.2}{\376\377\000C\000o\000m\000p\000u\000t\000a\000t\000i\000o\000n\000a\000l\000\040\000P\000a\000r\000t}{section.1.5}% 10
\BOOKMARK [0][-]{chapter.2}{\376\377\000I\000n\000t\000e\000r\000p\000o\000l\000a\000t\000i\000o\000n}{}% 11
\BOOKMARK [1][-]{section.2.1}{\376\377\000P\000o\000l\000y\000n\000o\000m\000i\000a\000l\000\040\000I\000n\000t\000e\000r\000p\000o\000l\000a\000t\000i\000o\000n}{chapter.2}% 12
\BOOKMARK [2][-]{subsection.2.1.1}{\376\377\000L\000a\000g\000r\000a\000n\000g\000e\000\040\000P\000o\000l\000y\000n\000o\000m\000i\000a\000l}{section.2.1}% 13
\BOOKMARK [2][-]{subsection.2.1.2}{\376\377\000I\000n\000t\000e\000r\000p\000o\000l\000a\000t\000i\000o\000n\000\040\000E\000r\000r\000o\000r}{section.2.1}% 14
\BOOKMARK [2][-]{subsection.2.1.3}{\376\377\000R\000u\000n\000g\000e\000'\000s\000\040\000P\000h\000e\000n\000o\000m\000e\000n\000o\000n}{section.2.1}% 15
\BOOKMARK [2][-]{subsection.2.1.4}{\376\377\000C\000h\000e\000b\000y\000s\000h\000e\000v\000\040\000I\000n\000t\000e\000r\000p\000o\000l\000a\000t\000i\000o\000n}{section.2.1}% 16
\BOOKMARK [2][-]{subsection.2.1.5}{\376\377\000S\000t\000a\000b\000i\000l\000i\000t\000y\000\040\000o\000f\000\040\000P\000o\000l\000y\000n\000o\000m\000i\000a\000l\000\040\000I\000n\000t\000e\000r\000p\000o\000l\000a\000t\000i\000o\000n}{section.2.1}% 17
\BOOKMARK [2][-]{subsection.2.1.6}{\376\377\000N\000e\000w\000t\000o\000n\000\040\000F\000o\000r\000m}{section.2.1}% 18
\BOOKMARK [2][-]{subsection.2.1.7}{\376\377\000H\000e\000r\000m\000i\000t\000e\000\040\000P\000o\000l\000y\000n\000o\000m\000i\000a\000l\000\040\000I\000n\000t\000e\000r\000p\000o\000l\000a\000t\000i\000o\000n}{section.2.1}% 19
\BOOKMARK [1][-]{section.2.2}{\376\377\000T\000r\000i\000g\000o\000n\000o\000m\000e\000t\000r\000i\000c\000\040\000I\000n\000t\000e\000r\000p\000o\000l\000a\000t\000i\000o\000n}{chapter.2}% 20
\BOOKMARK [2][-]{subsection.2.2.1}{\376\377\000F\000o\000u\000r\000i\000e\000r\000\040\000S\000e\000r\000i\000e\000s}{section.2.2}% 21
\BOOKMARK [2][-]{subsection.2.2.2}{\376\377\000F\000a\000s\000t\000\040\000F\000o\000u\000r\000i\000e\000r\000\040\000T\000r\000a\000n\000s\000f\000o\000r\000m}{section.2.2}% 22
\BOOKMARK [2][-]{subsection.2.2.3}{\376\377\000I\000n\000t\000e\000r\000p\000o\000l\000a\000t\000i\000o\000n\000\040\000E\000r\000r\000o\000r\000\040\000o\000f\000\040\000T\000r\000i\000g\000o\000n\000o\000m\000e\000t\000r\000i\000c\000\040\000P\000o\000l\000y\000n\000o\000m\000i\000a\000l}{section.2.2}% 23
\BOOKMARK [1][-]{section.2.3}{\376\377\000S\000p\000l\000i\000n\000e\000\040\000I\000n\000t\000e\000r\000p\000o\000l\000a\000t\000i\000o\000n}{chapter.2}% 24
\BOOKMARK [2][-]{subsection.2.3.1}{\376\377\000L\000i\000n\000e\000a\000r\000\040\000S\000p\000l\000i\000n\000e\000s}{section.2.3}% 25
\BOOKMARK [2][-]{subsection.2.3.2}{\376\377\000C\000u\000b\000i\000c\000\040\000S\000p\000l\000i\000n\000e\000s}{section.2.3}% 26
\BOOKMARK [2][-]{subsection.2.3.3}{\376\377\000I\000n\000t\000e\000r\000p\000o\000l\000a\000t\000i\000o\000n\000\040\000E\000r\000r\000o\000r\000\040\000o\000f\000\040\000C\000u\000b\000i\000c\000\040\000S\000p\000l\000i\000n\000e}{section.2.3}% 27
\BOOKMARK [1][-]{section.2.4}{\376\377\000R\000e\000p\000r\000o\000d\000u\000c\000e\000\040\000K\000e\000r\000n\000e\000l\000\040\000H\000i\000l\000b\000e\000r\000t\000\040\000S\000p\000a\000c\000e}{chapter.2}% 28
\BOOKMARK [1][-]{section.2.5}{\376\377\000E\000x\000e\000r\000c\000i\000s\000e\000s}{chapter.2}% 29
\BOOKMARK [2][-]{subsection.2.5.1}{\376\377\000T\000h\000e\000o\000r\000e\000t\000i\000c\000a\000l\000\040\000P\000a\000r\000t}{section.2.5}% 30
\BOOKMARK [2][-]{subsection.2.5.2}{\376\377\000C\000o\000m\000p\000u\000t\000a\000t\000i\000o\000n\000a\000l\000\040\000P\000a\000r\000t}{section.2.5}% 31
\BOOKMARK [0][-]{chapter.3}{\376\377\000D\000i\000f\000f\000e\000r\000e\000n\000t\000i\000a\000t\000i\000o\000n\000\040\000a\000n\000d\000\040\000Q\000u\000a\000d\000r\000a\000t\000u\000r\000e}{}% 32
\BOOKMARK [1][-]{section.3.1}{\376\377\000E\000x\000t\000r\000a\000p\000o\000l\000a\000t\000i\000o\000n}{chapter.3}% 33
\BOOKMARK [2][-]{subsection.3.1.1}{\376\377\000R\000i\000c\000h\000a\000r\000d\000s\000o\000n\000\040\000E\000x\000t\000r\000a\000p\000o\000l\000a\000t\000i\000o\000n}{section.3.1}% 34
\BOOKMARK [2][-]{subsection.3.1.2}{\376\377\000W\000y\000n\000n\000'\000s\000\040\000e\000p\000s\000i\000l\000o\000n\000\040\000m\000e\000t\000h\000o\000d}{section.3.1}% 35
\BOOKMARK [1][-]{section.3.2}{\376\377\000D\000i\000f\000f\000e\000r\000e\000n\000t\000i\000a\000t\000i\000o\000n\000\040\000w\000i\000t\000h\000\040\000F\000i\000n\000i\000t\000e\000\040\000D\000i\000f\000f\000e\000r\000e\000n\000c\000e}{chapter.3}% 36
\BOOKMARK [2][-]{subsection.3.2.1}{\376\377\000F\000i\000n\000i\000t\000e\000\040\000D\000i\000f\000f\000e\000r\000e\000n\000c\000e\000\040\000f\000r\000o\000m\000\040\000T\000a\000y\000l\000o\000r\000\040\000E\000x\000p\000a\000n\000s\000i\000o\000n}{section.3.2}% 37
\BOOKMARK [2][-]{subsection.3.2.2}{\376\377\000R\000o\000u\000n\000d\000i\000n\000g\000\040\000E\000r\000r\000o\000r\000\040\000I\000s\000s\000u\000e}{section.3.2}% 38
\BOOKMARK [2][-]{subsection.3.2.3}{\376\377\000I\000m\000p\000r\000o\000v\000e\000\040\000b\000y\000\040\000E\000x\000t\000r\000a\000p\000o\000l\000a\000t\000i\000o\000n}{section.3.2}% 39
\BOOKMARK [1][-]{section.3.3}{\376\377\000Q\000u\000a\000d\000r\000a\000t\000u\000r\000e\000\040\000R\000u\000l\000e\000s}{chapter.3}% 40
\BOOKMARK [2][-]{subsection.3.3.1}{\376\377\000I\000n\000t\000e\000r\000p\000o\000l\000a\000t\000i\000o\000n\000\040\000B\000a\000s\000e\000d\000\040\000R\000u\000l\000e\000s}{section.3.3}% 41
\BOOKMARK [2][-]{subsection.3.3.2}{\376\377\000N\000u\000m\000e\000r\000i\000c\000a\000l\000\040\000E\000r\000r\000o\000r\000\040\000o\000f\000\040\000I\000n\000t\000e\000r\000p\000o\000l\000a\000t\000i\000o\000n\000\040\000B\000a\000s\000e\000d\000\040\000R\000u\000l\000e\000s}{section.3.3}% 42
\BOOKMARK [2][-]{subsection.3.3.3}{\376\377\000N\000e\000w\000t\000o\000n\000-\000C\000o\000t\000e\000s\000\040\000F\000o\000r\000m\000u\000l\000a}{section.3.3}% 43
\BOOKMARK [2][-]{subsection.3.3.4}{\376\377\000R\000o\000m\000b\000e\000r\000g\000\040\000I\000n\000t\000e\000g\000r\000a\000t\000i\000o\000n}{section.3.3}% 44
\BOOKMARK [2][-]{subsection.3.3.5}{\376\377\000A\000d\000a\000p\000t\000i\000v\000e\000\040\000I\000n\000t\000e\000g\000r\000a\000t\000i\000o\000n\000s}{section.3.3}% 45
\BOOKMARK [2][-]{subsection.3.3.6}{\376\377\000I\000m\000p\000r\000o\000p\000e\000r\000\040\000I\000n\000t\000e\000g\000r\000a\000l}{section.3.3}% 46
\BOOKMARK [1][-]{section.3.4}{\376\377\000G\000a\000u\000s\000s\000\040\000Q\000u\000a\000d\000r\000a\000t\000u\000r\000e}{chapter.3}% 47
\BOOKMARK [1][-]{section.3.5}{\376\377\000G\000a\000u\000s\000s\000\040\000Q\000u\000a\000d\000r\000a\000t\000u\000r\000e\000\040\000o\000n\000\040\000U\000n\000b\000o\000u\000n\000d\000e\000d\000\040\000D\000o\000m\000a\000i\000n}{chapter.3}% 48
\BOOKMARK [1][-]{section.3.6}{\376\377\000P\000r\000o\000b\000a\000b\000i\000l\000i\000s\000t\000i\000c\000\040\000I\000n\000t\000e\000g\000r\000a\000t\000i\000o\000n}{chapter.3}% 49
\BOOKMARK [2][-]{subsection.3.6.1}{\376\377\000Q\000u\000a\000s\000i\000\040\000M\000o\000n\000t\000e\000-\000C\000a\000r\000l\000o\000\040\000I\000n\000t\000e\000g\000r\000a\000t\000i\000o\000n}{section.3.6}% 50
\BOOKMARK [1][-]{section.3.7}{\376\377\000E\000x\000e\000r\000c\000i\000s\000e\000s}{chapter.3}% 51
\BOOKMARK [2][-]{subsection.3.7.1}{\376\377\000T\000h\000e\000o\000r\000e\000t\000i\000c\000a\000l\000\040\000P\000a\000r\000t}{section.3.7}% 52
\BOOKMARK [2][-]{subsection.3.7.2}{\376\377\000C\000o\000m\000p\000u\000t\000a\000t\000i\000o\000n\000a\000l\000\040\000P\000a\000r\000t}{section.3.7}% 53
\BOOKMARK [0][-]{chapter.4}{\376\377\000A\000p\000p\000r\000o\000x\000i\000m\000a\000t\000i\000o\000n}{}% 54
\BOOKMARK [1][-]{section.4.1}{\376\377\000G\000e\000n\000e\000r\000a\000l\000\040\000A\000p\000p\000r\000o\000x\000i\000m\000a\000t\000i\000o\000n\000\040\000T\000h\000e\000o\000r\000y}{chapter.4}% 55
\BOOKMARK [1][-]{section.4.2}{\376\377\000M\000i\000n\000i\000m\000a\000x\000\040\000A\000p\000p\000r\000o\000x\000i\000m\000a\000t\000i\000o\000n}{chapter.4}% 56
\BOOKMARK [2][-]{subsection.4.2.1}{\376\377\000R\000e\000m\000e\000z\000\040\000A\000l\000g\000o\000r\000i\000t\000h\000m}{section.4.2}% 57
\BOOKMARK [1][-]{section.4.3}{\376\377\000O\000r\000t\000h\000o\000g\000o\000n\000a\000l\000\040\000P\000o\000l\000y\000n\000o\000m\000i\000a\000l\000s}{chapter.4}% 58
\BOOKMARK [2][-]{subsection.4.3.1}{\376\377\000C\000h\000e\000b\000y\000s\000h\000e\000v\000\040\000P\000o\000l\000y\000n\000o\000m\000i\000a\000l\000s}{section.4.3}% 59
\BOOKMARK [2][-]{subsection.4.3.2}{\376\377\000L\000e\000g\000e\000n\000d\000r\000e\000\040\000P\000o\000l\000y\000n\000o\000m\000i\000a\000l}{section.4.3}% 60
\BOOKMARK [1][-]{section.4.4}{\376\377\000A\000p\000p\000r\000o\000x\000i\000m\000a\000t\000i\000o\000n\000\040\000T\000h\000e\000o\000r\000y\000\040\000f\000o\000r\000\040\000C\000o\000m\000p\000a\000c\000t\000\040\000G\000r\000o\000u\000p\000s}{chapter.4}% 61
\BOOKMARK [1][-]{section.4.5}{\376\377\000P\000a\000d\000\351\000\040\000A\000p\000p\000r\000o\000x\000i\000m\000a\000t\000i\000o\000n}{chapter.4}% 62
\BOOKMARK [1][-]{section.4.6}{\376\377\000N\000e\000u\000r\000a\000l\000\040\000N\000e\000t\000w\000o\000r\000k}{chapter.4}% 63
\BOOKMARK [2][-]{subsection.4.6.1}{\376\377\000R\000a\000d\000i\000a\000l\000\040\000B\000a\000s\000i\000s}{section.4.6}% 64
\BOOKMARK [2][-]{subsection.4.6.2}{\376\377\000U\000n\000i\000v\000e\000r\000s\000a\000l\000\040\000A\000p\000p\000r\000o\000x\000i\000m\000a\000t\000i\000o\000n\000\040\000T\000h\000e\000o\000r\000e\000m}{section.4.6}% 65
\BOOKMARK [2][-]{subsection.4.6.3}{\376\377\000G\000r\000a\000d\000i\000e\000n\000t\000-\000F\000l\000o\000w}{section.4.6}% 66
\BOOKMARK [1][-]{section.4.7}{\376\377\000E\000x\000e\000r\000c\000i\000s\000e\000s}{chapter.4}% 67
\BOOKMARK [2][-]{subsection.4.7.1}{\376\377\000T\000h\000e\000o\000r\000e\000t\000i\000c\000a\000l\000\040\000P\000a\000r\000t}{section.4.7}% 68
\BOOKMARK [2][-]{subsection.4.7.2}{\376\377\000C\000o\000m\000p\000u\000t\000a\000t\000i\000o\000n\000a\000l\000\040\000P\000a\000r\000t}{section.4.7}% 69
\BOOKMARK [0][-]{chapter.5}{\376\377\000O\000r\000d\000i\000n\000a\000r\000y\000\040\000D\000i\000f\000f\000e\000r\000e\000n\000t\000i\000a\000l\000\040\000E\000q\000u\000a\000t\000i\000o\000n\000s}{}% 70
\BOOKMARK [1][-]{section.5.1}{\376\377\000I\000n\000i\000t\000i\000a\000l\000\040\000V\000a\000l\000u\000e\000\040\000P\000r\000o\000b\000l\000e\000m}{chapter.5}% 71
\BOOKMARK [2][-]{subsection.5.1.1}{\376\377\000O\000n\000e\000-\000s\000t\000e\000p\000\040\000M\000e\000t\000h\000o\000d\000s}{section.5.1}% 72
\BOOKMARK [2][-]{subsection.5.1.2}{\376\377\000A\000b\000s\000o\000l\000u\000t\000e\000\040\000S\000t\000a\000b\000i\000l\000i\000t\000y}{section.5.1}% 73
\BOOKMARK [2][-]{subsection.5.1.3}{\376\377\000R\000o\000u\000n\000d\000i\000n\000g\000\040\000E\000r\000r\000o\000r}{section.5.1}% 74
\BOOKMARK [2][-]{subsection.5.1.4}{\376\377\000E\000x\000t\000r\000a\000p\000o\000l\000a\000t\000i\000o\000n\000\040\000M\000e\000t\000h\000o\000d\000s}{section.5.1}% 75
\BOOKMARK [2][-]{subsection.5.1.5}{\376\377\000A\000d\000a\000p\000t\000i\000v\000e\000\040\000O\000n\000e\000-\000s\000t\000e\000p\000\040\000M\000e\000t\000h\000o\000d\000s}{section.5.1}% 76
\BOOKMARK [2][-]{subsection.5.1.6}{\376\377\000M\000u\000l\000t\000i\000s\000t\000e\000p\000\040\000M\000e\000t\000h\000o\000d\000s}{section.5.1}% 77
\BOOKMARK [2][-]{subsection.5.1.7}{\376\377\000A\000d\000a\000m\000s\000\040\000M\000e\000t\000h\000o\000d}{section.5.1}% 78
\BOOKMARK [1][-]{section.5.2}{\376\377\000B\000o\000u\000n\000d\000a\000r\000y\000\040\000V\000a\000l\000u\000e\000\040\000P\000r\000o\000b\000l\000e\000m}{chapter.5}% 79
\BOOKMARK [2][-]{subsection.5.2.1}{\376\377\000F\000i\000n\000i\000t\000e\000\040\000D\000i\000f\000f\000e\000r\000e\000n\000c\000e\000\040\000M\000e\000t\000h\000o\000d}{section.5.2}% 80
\BOOKMARK [2][-]{subsection.5.2.2}{\376\377\000G\000a\000l\000e\000r\000k\000i\000n\000\040\000M\000e\000t\000h\000o\000d}{section.5.2}% 81
\BOOKMARK [1][-]{section.5.3}{\376\377\000E\000x\000e\000r\000c\000i\000s\000e\000s}{chapter.5}% 82
\BOOKMARK [2][-]{subsection.5.3.1}{\376\377\000T\000h\000e\000o\000r\000e\000t\000i\000c\000a\000l\000\040\000P\000a\000r\000t}{section.5.3}% 83
\BOOKMARK [2][-]{subsection.5.3.2}{\376\377\000C\000o\000m\000p\000u\000t\000a\000t\000i\000o\000n\000a\000l\000\040\000P\000a\000r\000t}{section.5.3}% 84
\BOOKMARK [0][-]{chapter.6}{\376\377\000P\000a\000r\000t\000i\000a\000l\000\040\000D\000i\000f\000f\000e\000r\000e\000n\000t\000i\000a\000l\000\040\000E\000q\000u\000a\000t\000i\000o\000n\000s}{}% 85
\BOOKMARK [1][-]{section.6.1}{\376\377\000F\000i\000n\000i\000t\000e\000\040\000D\000i\000f\000f\000e\000r\000e\000n\000c\000e\000\040\000M\000e\000t\000h\000o\000d}{chapter.6}% 86
\BOOKMARK [1][-]{section.6.2}{\376\377\000F\000i\000n\000i\000t\000e\000\040\000V\000o\000l\000u\000m\000e\000\040\000M\000e\000t\000h\000o\000d}{chapter.6}% 87
\BOOKMARK [1][-]{section.6.3}{\376\377\000P\000s\000e\000u\000d\000o\000\040\000S\000p\000e\000c\000t\000r\000a\000l\000\040\000M\000e\000t\000h\000o\000d}{chapter.6}% 88
\BOOKMARK [1][-]{section.6.4}{\376\377\000I\000M\000E\000X\000\040\000M\000e\000t\000h\000o\000d}{chapter.6}% 89
\BOOKMARK [1][-]{section.6.5}{\376\377\000S\000e\000c\000t\000o\000r\000\040\000O\000p\000e\000r\000a\000t\000o\000r\000s}{chapter.6}% 90
\BOOKMARK [1][-]{section.6.6}{\376\377\000P\000I\000N\000N}{chapter.6}% 91
\BOOKMARK [0][-]{chapter.7}{\376\377\000I\000n\000t\000e\000g\000r\000a\000l\000\040\000E\000q\000u\000a\000t\000i\000o\000n\000s}{}% 92
\BOOKMARK [1][-]{section.7.1}{\376\377\000N\000y\000s\000t\000r\000\366\000m\000\040\000M\000e\000t\000h\000o\000d}{chapter.7}% 93
\BOOKMARK [1][-]{section.7.2}{\376\377\000G\000a\000l\000e\000r\000k\000i\000n\000\040\000M\000e\000t\000h\000o\000d}{chapter.7}% 94
\BOOKMARK [0][-]{chapter.8}{\376\377\000M\000a\000t\000r\000i\000x\000\040\000C\000o\000m\000p\000u\000t\000a\000t\000i\000o\000n}{}% 95
\BOOKMARK [1][-]{section.8.1}{\376\377\000F\000a\000c\000t\000o\000r\000i\000z\000a\000t\000i\000o\000n}{chapter.8}% 96
\BOOKMARK [1][-]{section.8.2}{\376\377\000P\000r\000e\000c\000o\000n\000d\000i\000t\000i\000o\000n\000i\000n\000g}{chapter.8}% 97
\BOOKMARK [1][-]{section.8.3}{\376\377\000L\000a\000r\000g\000e\000-\000s\000c\000a\000l\000e\000\040\000C\000o\000m\000p\000u\000t\000a\000t\000i\000o\000n}{chapter.8}% 98
\BOOKMARK [0][-]{chapter.9}{\376\377\000E\000x\000t\000e\000n\000d\000e\000d\000\040\000T\000o\000p\000i\000c\000s}{}% 99
\BOOKMARK [1][-]{section.9.1}{\376\377\000R\000a\000d\000i\000a\000l\000\040\000B\000a\000s\000i\000s\000\040\000I\000n\000t\000e\000r\000p\000o\000l\000a\000t\000i\000o\000n}{chapter.9}% 100
\BOOKMARK [1][-]{section.9.2}{\376\377\000Q\000u\000a\000d\000r\000a\000t\000u\000r\000e\000\040\000i\000n\000\040\000m\000u\000l\000t\000i\000-\000d\000i\000m\000e\000n\000s\000i\000o\000n}{chapter.9}% 101
\BOOKMARK [1][-]{section.9.3}{\376\377\000S\000t\000i\000f\000f\000\040\000O\000D\000E}{chapter.9}% 102
\BOOKMARK [1][-]{section.9.4}{\376\377\000F\000a\000s\000t\000\040\000M\000u\000l\000t\000i\000p\000o\000l\000e\000\040\000M\000e\000t\000h\000o\000d}{chapter.9}% 103
\BOOKMARK [1][-]{section.9.5}{\376\377\000R\000a\000n\000d\000o\000m\000\040\000A\000l\000g\000o\000r\000i\000t\000h\000m}{chapter.9}% 104
\BOOKMARK [1][-]{section.9.6}{\376\377\000O\000p\000t\000i\000m\000i\000z\000a\000t\000i\000o\000n}{chapter.9}% 105
\BOOKMARK [1][-]{section.9.7}{\376\377\000S\000a\000m\000p\000l\000i\000n\000g\000\040\000A\000l\000g\000o\000r\000i\000t\000h\000m}{chapter.9}% 106
\BOOKMARK [1][-]{section.9.8}{\376\377\000P\000a\000r\000a\000l\000l\000e\000l\000\040\000C\000o\000m\000p\000u\000t\000i\000n\000g}{chapter.9}% 107
\BOOKMARK [1][-]{section.9.9}{\376\377\000R\000e\000g\000u\000l\000a\000r\000i\000z\000a\000t\000i\000o\000n}{chapter.9}% 108
\BOOKMARK [1][-]{section.9.10}{\376\377\000O\000p\000t\000i\000m\000a\000l\000\040\000T\000r\000a\000n\000s\000p\000o\000r\000t}{chapter.9}% 109
\BOOKMARK [1][-]{section.9.11}{\376\377\000P\000o\000i\000n\000t\000\040\000C\000l\000o\000u\000d}{chapter.9}% 110
\BOOKMARK [1][-]{section.9.12}{\376\377\000I\000n\000v\000e\000r\000s\000e\000\040\000C\000r\000i\000m\000e}{chapter.9}% 111
\BOOKMARK [1][-]{section.9.13}{\376\377\000L\000o\000w\000\040\000R\000a\000n\000k\000\040\000A\000p\000p\000r\000o\000x\000i\000m\000a\000t\000i\000o\000n}{chapter.9}% 112
\BOOKMARK [1][-]{section.9.14}{\376\377\000F\000i\000n\000i\000t\000e\000\040\000E\000l\000e\000m\000e\000n\000t\000\040\000M\000e\000t\000h\000o\000d}{chapter.9}% 113
\BOOKMARK [1][-]{section.9.15}{\376\377\000C\000o\000m\000p\000u\000t\000a\000t\000i\000o\000n\000\040\000o\000n\000\040\000G\000r\000a\000p\000h}{chapter.9}% 114
